[04:25:31] Selecting system: snes, JSON: C:\projects\emubuddy\1g1rsets\snes.json
[04:25:31] Read 294260 bytes from JSON
[04:25:31] Loaded 1020 games
[04:25:31] Selecting system: n64, JSON: C:\projects\emubuddy\1g1rsets\n64.json
[04:25:31] Read 101515 bytes from JSON
[04:25:31] Loaded 366 games
[04:25:34.116] Double-tap on item 0!
[04:25:37.303] Double-tap on item 0!
[04:25:43.418] Launch button clicked
[04:25:51.978] Emulator Cancel button clicked
[04:26:14.443] Double-tap on item 1!
[04:26:17.528] Double-tap on item 0!
[04:26:51] Selecting system: atari7800, JSON: C:\projects\emubuddy\1g1rsets\games_1g1r_english_atari7800.json
[04:26:51] Read 15848 bytes from JSON
[04:26:51] Loaded 63 games
[04:26:55.391] Double-tap on item 3!
[04:27:01.326] Double-tap on item 3!
[04:28:52] Selecting system: nes, JSON: C:\projects\emubuddy\1g1rsets\nes.json
[04:28:52] Read 294111 bytes from JSON
[04:28:52] Loaded 994 games
[04:29:00] Selecting system: n64, JSON: C:\projects\emubuddy\1g1rsets\n64.json
[04:29:00] Read 101515 bytes from JSON
[04:29:00] Loaded 366 games
[04:29:24.463] Launch button clicked - downloading
[04:29:33.795] Launch button clicked - launching
[04:29:39.174] Double-tap on item 0!
[04:30:38] Selecting system: gb, JSON: C:\projects\emubuddy\1g1rsets\gb.json
[04:30:38] Read 187931 bytes from JSON
[04:30:38] Loaded 713 games
[04:30:38] Selecting system: gbc, JSON: C:\projects\emubuddy\1g1rsets\gbc.json
[04:30:38] Read 200610 bytes from JSON
[04:30:38] Loaded 684 games
[04:30:41] Selecting system: n64, JSON: C:\projects\emubuddy\1g1rsets\n64.json
[04:30:41] Read 101515 bytes from JSON
[04:30:41] Loaded 366 games
[04:31:52] Selecting system: gb, JSON: C:\projects\emubuddy\1g1rsets\gb.json
[04:31:52] Read 187931 bytes from JSON
[04:31:52] Loaded 713 games
[04:31:52] Selecting system: gbc, JSON: C:\projects\emubuddy\1g1rsets\gbc.json
[04:31:52] Read 200610 bytes from JSON
[04:31:52] Loaded 684 games
[04:31:52] Selecting system: gba, JSON: C:\projects\emubuddy\1g1rsets\gba.json
[04:31:52] Read 366657 bytes from JSON
[04:31:52] Loaded 1266 games
[04:31:53] Selecting system: gbc, JSON: C:\projects\emubuddy\1g1rsets\gbc.json
[04:31:53] Read 200610 bytes from JSON
[04:31:53] Loaded 684 games
[04:31:53] Selecting system: gb, JSON: C:\projects\emubuddy\1g1rsets\gb.json
[04:31:53] Read 187931 bytes from JSON
[04:31:53] Loaded 713 games
[04:31:53] Selecting system: n64, JSON: C:\projects\emubuddy\1g1rsets\n64.json
[04:31:53] Read 101515 bytes from JSON
[04:31:53] Loaded 366 games
[04:33:53] Selecting system: nes, JSON: C:\projects\emubuddy\1g1rsets\nes.json
[04:33:53] Read 294111 bytes from JSON
[04:33:53] Loaded 994 games
